2026-02-27 07:39:32,283 [WARNING] discord.ext.commands.bot: Privileged message content intent is missing, commands may not work as expected.
2026-02-27 07:39:32,564 [INFO] discord.client: logging in using static token
2026-02-27 07:39:33,182 [INFO] discord.gateway: Shard ID None has connected to Gateway (Session ID: 95e935ff313f4055519e7d482afb9d72).
2026-02-27 07:39:35,330 [INFO] larabot: Logged in as Epstein#0113 (ID: 1476620858859716740)
2026-02-27 07:39:35,331 [INFO] larabot: Slash commands synced.
2026-02-27 07:40:16,335 [INFO] discord.voice_state: Connecting to voice...
2026-02-27 07:40:16,335 [INFO] discord.voice_state: Starting voice handshake... (connection attempt 1)
2026-02-27 07:40:16,447 [INFO] discord.voice_state: Voice handshake complete. Endpoint found: c-atl10-ca26b664.discord.media:443
2026-02-27 07:40:16,859 [INFO] discord.voice_state: Voice connection complete.
2026-02-27 07:40:32,362 [ERROR] discord.ui.view: Ignoring exception in view <SearchView timeout=30 children=1> for item <Select placeholder='Choose a song...' min_values=1 max_values=1 disabled=False id=None>
Traceback (most recent call last):
  File "C:\Musicbot\venv\Lib\site-packages\discord\ui\view.py", line 555, in _scheduled_task
    await item.callback(interaction)
  File "C:\Musicbot\cogs\music.py", line 83, in _on_select
    await interaction.response.edit_message(
        content=f'Now playing: **{song.title}**', view=None
    )
  File "C:\Musicbot\venv\Lib\site-packages\discord\interactions.py", line 1207, in edit_message
    response = await adapter.create_interaction_response(
               ^^^^^^^^^^^^^^^^^^^^^^^^^^^^^^^^^^^^^^^^^^
    ...<6 lines>...
    )
    ^
  File "C:\Musicbot\venv\Lib\site-packages\discord\webhook\async_.py", line 224, in request
    raise NotFound(response, data)
discord.errors.NotFound: 404 Not Found (error code: 10062): Unknown interaction
2026-02-27 07:40:47,636 [INFO] discord.player: ffmpeg process 10756 has not terminated. Waiting to terminate...
2026-02-27 07:40:47,669 [INFO] discord.player: ffmpeg process 10756 should have terminated with a return code of 1.
2026-02-27 07:41:08,811 [INFO] discord.voice_state: The voice handshake is being terminated for Channel ID 1360588456748912825 (Guild ID 1360588456274821200)
2026-02-27 07:41:08,831 [INFO] discord.player: ffmpeg process 18912 has not terminated. Waiting to terminate...
2026-02-27 07:41:08,836 [INFO] discord.player: ffmpeg process 18912 should have terminated with a return code of 1.
2026-02-27 07:53:18,992 [WARNING] discord.ext.commands.bot: Privileged message content intent is missing, commands may not work as expected.
2026-02-27 07:53:19,080 [INFO] discord.client: logging in using static token
2026-02-27 07:53:19,599 [INFO] discord.gateway: Shard ID None has connected to Gateway (Session ID: 2aa35b5c53964ee3639c1401e7684b83).
2026-02-27 07:53:21,707 [INFO] larabot: Logged in as Epstein#0113 (ID: 1476620858859716740)
2026-02-27 07:53:21,707 [INFO] larabot: Slash commands synced.
Traceback (most recent call last):
  File "C:\Python313\Lib\asyncio\runners.py", line 118, in run
    return self._loop.run_until_complete(task)
           ~~~~~~~~~~~~~~~~~~~~~~~~~~~~~^^^^^^
  File "C:\Python313\Lib\asyncio\base_events.py", line 720, in run_until_complete
    return future.result()
           ~~~~~~~~~~~~~^^
  File "C:\Musicbot\bot.py", line 64, in main
    await bot.start(TOKEN)
  File "C:\Musicbot\venv\Lib\site-packages\discord\client.py", line 847, in start
    await self.connect(reconnect=reconnect)
  File "C:\Musicbot\venv\Lib\site-packages\discord\client.py", line 727, in connect
    await self.ws.poll_event()
  File "C:\Musicbot\venv\Lib\site-packages\discord\gateway.py", line 631, in poll_event
    msg = await self.socket.receive(timeout=self._max_heartbeat_timeout)
          ^^^^^^^^^^^^^^^^^^^^^^^^^^^^^^^^^^^^^^^^^^^^^^^^^^^^^^^^^^^^^^
  File "C:\Musicbot\venv\Lib\site-packages\aiohttp\client_ws.py", line 334, in receive
    msg = await self._reader.read()
          ^^^^^^^^^^^^^^^^^^^^^^^^^
  File "aiohttp/_websocket/reader_c.py", line 118, in read
  File "aiohttp/_websocket/reader_c.py", line 115, in aiohttp._websocket.reader_c.WebSocketDataQueue.read
asyncio.exceptions.CancelledError

During handling of the above exception, another exception occurred:

Traceback (most recent call last):
  File "C:\Musicbot\bot.py", line 67, in <module>
    asyncio.run(main())
    ~~~~~~~~~~~^^^^^^^^
  File "C:\Python313\Lib\asyncio\runners.py", line 194, in run
    return runner.run(main)
           ~~~~~~~~~~^^^^^^
  File "C:\Python313\Lib\asyncio\runners.py", line 123, in run
    raise KeyboardInterrupt()
KeyboardInterrupt
2026-02-27 07:53:53,198 [WARNING] discord.ext.commands.bot: Privileged message content intent is missing, commands may not work as expected.
2026-02-27 07:53:53,263 [INFO] discord.client: logging in using static token
2026-02-27 07:53:53,880 [INFO] discord.gateway: Shard ID None has connected to Gateway (Session ID: 20d70ca5c9a5ca0e7cda71f287282987).
2026-02-27 07:53:56,053 [INFO] larabot: Logged in as Epstein#0113 (ID: 1476620858859716740)
2026-02-27 07:53:56,053 [INFO] larabot: Slash commands synced.
2026-02-27 07:54:20,555 [INFO] discord.voice_state: Connecting to voice...
2026-02-27 07:54:20,555 [INFO] discord.voice_state: Starting voice handshake... (connection attempt 1)
2026-02-27 07:54:20,661 [INFO] discord.voice_state: Voice handshake complete. Endpoint found: c-atl10-ca26b664.discord.media:443
2026-02-27 07:54:20,958 [INFO] discord.voice_state: Voice connection complete.
ERROR: [youtube] Aiay8I5IPB8: Requested format is not available. Use --list-formats for a list of available formats
ERROR: [youtube] DmeUuoxyt_E: Requested format is not available. Use --list-formats for a list of available formats
ERROR: [youtube] iSf_cs4-E-I: Requested format is not available. Use --list-formats for a list of available formats
ERROR: [youtube] YoBldRsvciM: Requested format is not available. Use --list-formats for a list of available formats
ERROR: [youtube] T3rXdeOvhNE: Requested format is not available. Use --list-formats for a list of available formats
ERROR: [youtube] 0fZyNUikfEM: Requested format is not available. Use --list-formats for a list of available formats
ERROR: [youtube] _JQiEs32SqQ: Requested format is not available. Use --list-formats for a list of available formats
2026-02-27 07:55:01,248 [INFO] discord.voice_state: The voice handshake is being terminated for Channel ID 1360588456748912825 (Guild ID 1360588456274821200)
Failed to extract "Nickelback - How You Remind Me [OFFICIAL VIDEO]": ERROR: [youtube] Aiay8I5IPB8: Requested format is not available. Use --list-formats for a list of available formats — skipping.
Failed to extract "Nickelback - Rockstar [OFFICIAL VIDEO]": ERROR: [youtube] DmeUuoxyt_E: Requested format is not available. Use --list-formats for a list of available formats — skipping.
Failed to extract "Nickelback - Burn It to the Ground [OFFICIAL HD VIDEO]": ERROR: [youtube] iSf_cs4-E-I: Requested format is not available. Use --list-formats for a list of available formats — skipping.
Failed to extract "Nickelback - She Keeps Me Up (Official Music Video)": ERROR: [youtube] YoBldRsvciM: Requested format is not available. Use --list-formats for a list of available formats — skipping.
Failed to extract "Nickelback - Photograph [OFFICIAL VIDEO]": ERROR: [youtube] T3rXdeOvhNE: Requested format is not available. Use --list-formats for a list of available formats — skipping.
Failed to extract "Animals": ERROR: [youtube] 0fZyNUikfEM: Requested format is not available. Use --list-formats for a list of available formats — skipping.
Failed to extract "Nickelback - Savin' Me": ERROR: [youtube] _JQiEs32SqQ: Requested format is not available. Use --list-formats for a list of available formats — skipping.
Traceback (most recent call last):
  File "C:\Python313\Lib\asyncio\runners.py", line 118, in run
    return self._loop.run_until_complete(task)
           ~~~~~~~~~~~~~~~~~~~~~~~~~~~~~^^^^^^
  File "C:\Python313\Lib\asyncio\base_events.py", line 720, in run_until_complete
    return future.result()
           ~~~~~~~~~~~~~^^
  File "C:\Musicbot\bot.py", line 64, in main
    await bot.start(TOKEN)
  File "C:\Musicbot\venv\Lib\site-packages\discord\client.py", line 847, in start
    await self.connect(reconnect=reconnect)
  File "C:\Musicbot\venv\Lib\site-packages\discord\client.py", line 727, in connect
    await self.ws.poll_event()
  File "C:\Musicbot\venv\Lib\site-packages\discord\gateway.py", line 631, in poll_event
    msg = await self.socket.receive(timeout=self._max_heartbeat_timeout)
          ^^^^^^^^^^^^^^^^^^^^^^^^^^^^^^^^^^^^^^^^^^^^^^^^^^^^^^^^^^^^^^
  File "C:\Musicbot\venv\Lib\site-packages\aiohttp\client_ws.py", line 334, in receive
    msg = await self._reader.read()
          ^^^^^^^^^^^^^^^^^^^^^^^^^
  File "aiohttp/_websocket/reader_c.py", line 118, in read
  File "aiohttp/_websocket/reader_c.py", line 115, in aiohttp._websocket.reader_c.WebSocketDataQueue.read
asyncio.exceptions.CancelledError

During handling of the above exception, another exception occurred:

Traceback (most recent call last):
  File "C:\Musicbot\bot.py", line 67, in <module>
    asyncio.run(main())
    ~~~~~~~~~~~^^^^^^^^
  File "C:\Python313\Lib\asyncio\runners.py", line 194, in run
    return runner.run(main)
           ~~~~~~~~~~^^^^^^
  File "C:\Python313\Lib\asyncio\runners.py", line 123, in run
    raise KeyboardInterrupt()
KeyboardInterrupt
2026-02-27 08:00:09,323 [WARNING] discord.ext.commands.bot: Privileged message content intent is missing, commands may not work as expected.
2026-02-27 08:00:09,393 [INFO] discord.client: logging in using static token
2026-02-27 08:00:10,578 [INFO] discord.gateway: Shard ID None has connected to Gateway (Session ID: 14b37cfc897ba1b87ae45193f16e82b5).
2026-02-27 08:00:12,854 [INFO] larabot: Logged in as Epstein#0113 (ID: 1476620858859716740)
2026-02-27 08:00:12,854 [INFO] larabot: Slash commands synced.
2026-02-27 08:00:29,541 [INFO] discord.voice_state: Connecting to voice...
2026-02-27 08:00:29,542 [INFO] discord.voice_state: Starting voice handshake... (connection attempt 1)
2026-02-27 08:00:29,685 [INFO] discord.voice_state: Voice handshake complete. Endpoint found: c-atl10-ca26b664.discord.media:443
2026-02-27 08:00:29,802 [INFO] discord.voice_state: Voice connection complete.
ERROR: [youtube] Aiay8I5IPB8: Requested format is not available. Use --list-formats for a list of available formats
2026-02-27 08:00:31,841 [ERROR] larabot: Failed to extract stream for "Nickelback - How You Remind Me [OFFICIAL VIDEO]" (https://www.youtube.com/watch?v=Aiay8I5IPB8): ERROR: [youtube] Aiay8I5IPB8: Requested format is not available. Use --list-formats for a list of available formats
ERROR: [youtube] DmeUuoxyt_E: Requested format is not available. Use --list-formats for a list of available formats
2026-02-27 08:00:33,579 [ERROR] larabot: Failed to extract stream for "Nickelback - Rockstar [OFFICIAL VIDEO]" (https://www.youtube.com/watch?v=DmeUuoxyt_E): ERROR: [youtube] DmeUuoxyt_E: Requested format is not available. Use --list-formats for a list of available formats
ERROR: [youtube] iSf_cs4-E-I: Requested format is not available. Use --list-formats for a list of available formats
2026-02-27 08:00:35,330 [ERROR] larabot: Failed to extract stream for "Nickelback - Burn It to the Ground [OFFICIAL HD VIDEO]" (https://www.youtube.com/watch?v=iSf_cs4-E-I): ERROR: [youtube] iSf_cs4-E-I: Requested format is not available. Use --list-formats for a list of available formats
ERROR: [youtube] YoBldRsvciM: Requested format is not available. Use --list-formats for a list of available formats
2026-02-27 08:00:37,314 [ERROR] larabot: Failed to extract stream for "Nickelback - She Keeps Me Up (Official Music Video)" (https://www.youtube.com/watch?v=YoBldRsvciM): ERROR: [youtube] YoBldRsvciM: Requested format is not available. Use --list-formats for a list of available formats
ERROR: [youtube] T3rXdeOvhNE: Requested format is not available. Use --list-formats for a list of available formats
2026-02-27 08:00:39,100 [ERROR] larabot: Failed to extract stream for "Nickelback - Photograph [OFFICIAL VIDEO]" (https://www.youtube.com/watch?v=T3rXdeOvhNE): ERROR: [youtube] T3rXdeOvhNE: Requested format is not available. Use --list-formats for a list of available formats
ERROR: [youtube] 0fZyNUikfEM: Requested format is not available. Use --list-formats for a list of available formats
2026-02-27 08:00:40,680 [ERROR] larabot: Failed to extract stream for "Animals" (https://www.youtube.com/watch?v=0fZyNUikfEM): ERROR: [youtube] 0fZyNUikfEM: Requested format is not available. Use --list-formats for a list of available formats
ERROR: [youtube] _JQiEs32SqQ: Requested format is not available. Use --list-formats for a list of available formats
2026-02-27 08:00:42,569 [ERROR] larabot: Failed to extract stream for "Nickelback - Savin' Me" (https://www.youtube.com/watch?v=_JQiEs32SqQ): ERROR: [youtube] _JQiEs32SqQ: Requested format is not available. Use --list-formats for a list of available formats
2026-02-27 08:05:45,454 [INFO] discord.voice_state: The voice handshake is being terminated for Channel ID 1360588456748912825 (Guild ID 1360588456274821200)
2026-02-27 08:05:47,472 [WARNING] discord.ext.commands.bot: Privileged message content intent is missing, commands may not work as expected.
2026-02-27 08:05:47,541 [INFO] discord.client: logging in using static token
2026-02-27 08:05:48,237 [INFO] discord.gateway: Shard ID None has connected to Gateway (Session ID: 22dd71128e89b41b50c4fe809ec1d1bc).
2026-02-27 08:05:50,346 [INFO] larabot: Logged in as Epstein#0113 (ID: 1476620858859716740)
2026-02-27 08:05:50,346 [INFO] larabot: Slash commands synced.
2026-02-27 08:06:19,442 [INFO] discord.voice_state: Connecting to voice...
2026-02-27 08:06:19,442 [INFO] discord.voice_state: Starting voice handshake... (connection attempt 1)
2026-02-27 08:06:19,534 [INFO] discord.voice_state: Voice handshake complete. Endpoint found: c-atl10-ca26b664.discord.media:443
2026-02-27 08:06:19,948 [INFO] discord.voice_state: Voice connection complete.
ERROR: [youtube] Aiay8I5IPB8: Requested format is not available. Use --list-formats for a list of available formats
2026-02-27 08:06:21,434 [ERROR] larabot: Failed to extract stream for "Nickelback - How You Remind Me [OFFICIAL VIDEO]" (https://www.youtube.com/watch?v=Aiay8I5IPB8): ERROR: [youtube] Aiay8I5IPB8: Requested format is not available. Use --list-formats for a list of available formats
ERROR: [youtube] DmeUuoxyt_E: Requested format is not available. Use --list-formats for a list of available formats
2026-02-27 08:06:22,881 [ERROR] larabot: Failed to extract stream for "Nickelback - Rockstar [OFFICIAL VIDEO]" (https://www.youtube.com/watch?v=DmeUuoxyt_E): ERROR: [youtube] DmeUuoxyt_E: Requested format is not available. Use --list-formats for a list of available formats
ERROR: [youtube] iSf_cs4-E-I: Requested format is not available. Use --list-formats for a list of available formats
2026-02-27 08:06:24,132 [ERROR] larabot: Failed to extract stream for "Nickelback - Burn It to the Ground [OFFICIAL HD VIDEO]" (https://www.youtube.com/watch?v=iSf_cs4-E-I): ERROR: [youtube] iSf_cs4-E-I: Requested format is not available. Use --list-formats for a list of available formats
ERROR: [youtube] YoBldRsvciM: Requested format is not available. Use --list-formats for a list of available formats
2026-02-27 08:06:25,490 [ERROR] larabot: Failed to extract stream for "Nickelback - She Keeps Me Up (Official Music Video)" (https://www.youtube.com/watch?v=YoBldRsvciM): ERROR: [youtube] YoBldRsvciM: Requested format is not available. Use --list-formats for a list of available formats
ERROR: [youtube] T3rXdeOvhNE: Requested format is not available. Use --list-formats for a list of available formats
2026-02-27 08:06:26,782 [ERROR] larabot: Failed to extract stream for "Nickelback - Photograph [OFFICIAL VIDEO]" (https://www.youtube.com/watch?v=T3rXdeOvhNE): ERROR: [youtube] T3rXdeOvhNE: Requested format is not available. Use --list-formats for a list of available formats
ERROR: [youtube] 0fZyNUikfEM: Requested format is not available. Use --list-formats for a list of available formats
2026-02-27 08:06:27,995 [ERROR] larabot: Failed to extract stream for "Animals" (https://www.youtube.com/watch?v=0fZyNUikfEM): ERROR: [youtube] 0fZyNUikfEM: Requested format is not available. Use --list-formats for a list of available formats
ERROR: [youtube] _JQiEs32SqQ: Requested format is not available. Use --list-formats for a list of available formats
2026-02-27 08:06:29,324 [ERROR] larabot: Failed to extract stream for "Nickelback - Savin' Me" (https://www.youtube.com/watch?v=_JQiEs32SqQ): ERROR: [youtube] _JQiEs32SqQ: Requested format is not available. Use --list-formats for a list of available formats
